2025-06-24 23:32:00,202 [INFO] [TrainModel] full mode: window_size=24, horizon=6, batch_size=32, resample_rule=h, test_subset=None
2025-06-24 23:32:00,202 [INFO] Loading and preparing data...
2025-06-24 23:32:12,683 [INFO] [LoadAndPrepareData] Batches - train: 756, val: 162, test: 162
2025-06-24 23:32:14,921 [INFO] Data loaded. Number of train batches: 756
2025-06-24 23:32:15,047 [INFO] Input shape: (24, 7), Output shape: (6, 7)
2025-06-24 23:32:15,048 [INFO] Initializing W&B with input_shape=(24, 7), output_shape=(6, 7)
2025-06-24 23:32:48,043 [INFO] Starting full training run...
2025-06-24 23:32:59,983 [INFO] Assets written to: /Users/sebastiangerz/CascadeProjects/AI-TuF-Group4/wandb/run-20250624_233216-6xoxopzk/files/model-best/assets
2025-06-24 23:33:09,157 [INFO] Assets written to: /Users/sebastiangerz/CascadeProjects/AI-TuF-Group4/wandb/run-20250624_233216-6xoxopzk/files/model-best/assets
2025-06-24 23:33:18,407 [INFO] Assets written to: /Users/sebastiangerz/CascadeProjects/AI-TuF-Group4/wandb/run-20250624_233216-6xoxopzk/files/model-best/assets
2025-06-24 23:33:27,574 [INFO] Assets written to: /Users/sebastiangerz/CascadeProjects/AI-TuF-Group4/wandb/run-20250624_233216-6xoxopzk/files/model-best/assets
2025-06-24 23:33:36,701 [INFO] Assets written to: /Users/sebastiangerz/CascadeProjects/AI-TuF-Group4/wandb/run-20250624_233216-6xoxopzk/files/model-best/assets
2025-06-24 23:33:45,849 [INFO] Assets written to: /Users/sebastiangerz/CascadeProjects/AI-TuF-Group4/wandb/run-20250624_233216-6xoxopzk/files/model-best/assets
2025-06-24 23:33:55,454 [INFO] Assets written to: /Users/sebastiangerz/CascadeProjects/AI-TuF-Group4/wandb/run-20250624_233216-6xoxopzk/files/model-best/assets
2025-06-24 23:34:04,760 [INFO] Assets written to: /Users/sebastiangerz/CascadeProjects/AI-TuF-Group4/wandb/run-20250624_233216-6xoxopzk/files/model-best/assets
2025-06-24 23:34:13,927 [INFO] Assets written to: /Users/sebastiangerz/CascadeProjects/AI-TuF-Group4/wandb/run-20250624_233216-6xoxopzk/files/model-best/assets
2025-06-24 23:34:23,299 [INFO] Assets written to: /Users/sebastiangerz/CascadeProjects/AI-TuF-Group4/wandb/run-20250624_233216-6xoxopzk/files/model-best/assets
2025-06-24 23:34:32,486 [INFO] Assets written to: /Users/sebastiangerz/CascadeProjects/AI-TuF-Group4/wandb/run-20250624_233216-6xoxopzk/files/model-best/assets
2025-06-24 23:34:41,644 [INFO] Assets written to: /Users/sebastiangerz/CascadeProjects/AI-TuF-Group4/wandb/run-20250624_233216-6xoxopzk/files/model-best/assets
2025-06-24 23:34:50,775 [INFO] Assets written to: /Users/sebastiangerz/CascadeProjects/AI-TuF-Group4/wandb/run-20250624_233216-6xoxopzk/files/model-best/assets
2025-06-24 23:35:00,377 [INFO] Assets written to: /Users/sebastiangerz/CascadeProjects/AI-TuF-Group4/wandb/run-20250624_233216-6xoxopzk/files/model-best/assets
2025-06-24 23:35:09,424 [INFO] Assets written to: /Users/sebastiangerz/CascadeProjects/AI-TuF-Group4/wandb/run-20250624_233216-6xoxopzk/files/model-best/assets
2025-06-24 23:35:26,088 [INFO] Assets written to: /Users/sebastiangerz/CascadeProjects/AI-TuF-Group4/wandb/run-20250624_233216-6xoxopzk/files/model-best/assets
2025-06-24 23:35:35,688 [INFO] Assets written to: /Users/sebastiangerz/CascadeProjects/AI-TuF-Group4/wandb/run-20250624_233216-6xoxopzk/files/model-best/assets
2025-06-24 23:35:59,931 [INFO] Assets written to: /Users/sebastiangerz/CascadeProjects/AI-TuF-Group4/wandb/run-20250624_233216-6xoxopzk/files/model-best/assets
2025-06-24 23:36:09,134 [INFO] Assets written to: /Users/sebastiangerz/CascadeProjects/AI-TuF-Group4/wandb/run-20250624_233216-6xoxopzk/files/model-best/assets
2025-06-24 23:36:25,497 [INFO] Assets written to: /Users/sebastiangerz/CascadeProjects/AI-TuF-Group4/wandb/run-20250624_233216-6xoxopzk/files/model-best/assets
2025-06-24 23:36:41,907 [INFO] Assets written to: /Users/sebastiangerz/CascadeProjects/AI-TuF-Group4/wandb/run-20250624_233216-6xoxopzk/files/model-best/assets
2025-06-24 23:36:51,224 [INFO] Assets written to: /Users/sebastiangerz/CascadeProjects/AI-TuF-Group4/wandb/run-20250624_233216-6xoxopzk/files/model-best/assets
2025-06-24 23:37:00,521 [INFO] Assets written to: /Users/sebastiangerz/CascadeProjects/AI-TuF-Group4/wandb/run-20250624_233216-6xoxopzk/files/model-best/assets
2025-06-24 23:37:09,679 [INFO] Assets written to: /Users/sebastiangerz/CascadeProjects/AI-TuF-Group4/wandb/run-20250624_233216-6xoxopzk/files/model-best/assets
2025-06-24 23:37:18,810 [INFO] Assets written to: /Users/sebastiangerz/CascadeProjects/AI-TuF-Group4/wandb/run-20250624_233216-6xoxopzk/files/model-best/assets
2025-06-24 23:37:30,159 [INFO] Assets written to: /Users/sebastiangerz/CascadeProjects/AI-TuF-Group4/wandb/run-20250624_233216-6xoxopzk/files/model-best/assets
2025-06-24 23:37:39,253 [INFO] Assets written to: /Users/sebastiangerz/CascadeProjects/AI-TuF-Group4/wandb/run-20250624_233216-6xoxopzk/files/model-best/assets
2025-06-24 23:37:48,813 [INFO] Assets written to: /Users/sebastiangerz/CascadeProjects/AI-TuF-Group4/wandb/run-20250624_233216-6xoxopzk/files/model-best/assets
2025-06-24 23:37:57,986 [INFO] Assets written to: /Users/sebastiangerz/CascadeProjects/AI-TuF-Group4/wandb/run-20250624_233216-6xoxopzk/files/model-best/assets
2025-06-24 23:38:07,220 [INFO] Assets written to: /Users/sebastiangerz/CascadeProjects/AI-TuF-Group4/wandb/run-20250624_233216-6xoxopzk/files/model-best/assets
2025-06-24 23:38:16,370 [INFO] Assets written to: /Users/sebastiangerz/CascadeProjects/AI-TuF-Group4/wandb/run-20250624_233216-6xoxopzk/files/model-best/assets
2025-06-24 23:38:27,258 [INFO] Assets written to: /Users/sebastiangerz/CascadeProjects/AI-TuF-Group4/wandb/run-20250624_233216-6xoxopzk/files/model-best/assets
2025-06-24 23:38:37,218 [INFO] Assets written to: /Users/sebastiangerz/CascadeProjects/AI-TuF-Group4/wandb/run-20250624_233216-6xoxopzk/files/model-best/assets
2025-06-24 23:38:46,317 [INFO] Assets written to: /Users/sebastiangerz/CascadeProjects/AI-TuF-Group4/wandb/run-20250624_233216-6xoxopzk/files/model-best/assets
2025-06-24 23:38:55,512 [INFO] Assets written to: /Users/sebastiangerz/CascadeProjects/AI-TuF-Group4/wandb/run-20250624_233216-6xoxopzk/files/model-best/assets
2025-06-24 23:39:04,617 [INFO] Assets written to: /Users/sebastiangerz/CascadeProjects/AI-TuF-Group4/wandb/run-20250624_233216-6xoxopzk/files/model-best/assets
2025-06-24 23:39:13,919 [INFO] Assets written to: /Users/sebastiangerz/CascadeProjects/AI-TuF-Group4/wandb/run-20250624_233216-6xoxopzk/files/model-best/assets
2025-06-24 23:39:23,124 [INFO] Assets written to: /Users/sebastiangerz/CascadeProjects/AI-TuF-Group4/wandb/run-20250624_233216-6xoxopzk/files/model-best/assets
2025-06-24 23:39:33,729 [INFO] Assets written to: /Users/sebastiangerz/CascadeProjects/AI-TuF-Group4/wandb/run-20250624_233216-6xoxopzk/files/model-best/assets
2025-06-24 23:39:43,300 [INFO] Assets written to: /Users/sebastiangerz/CascadeProjects/AI-TuF-Group4/wandb/run-20250624_233216-6xoxopzk/files/model-best/assets
2025-06-24 23:40:00,116 [INFO] Assets written to: /Users/sebastiangerz/CascadeProjects/AI-TuF-Group4/wandb/run-20250624_233216-6xoxopzk/files/model-best/assets
2025-06-24 23:40:09,159 [INFO] Assets written to: /Users/sebastiangerz/CascadeProjects/AI-TuF-Group4/wandb/run-20250624_233216-6xoxopzk/files/model-best/assets
2025-06-24 23:40:18,295 [INFO] Assets written to: /Users/sebastiangerz/CascadeProjects/AI-TuF-Group4/wandb/run-20250624_233216-6xoxopzk/files/model-best/assets
2025-06-24 23:40:27,172 [INFO] Assets written to: /Users/sebastiangerz/CascadeProjects/AI-TuF-Group4/wandb/run-20250624_233216-6xoxopzk/files/model-best/assets
2025-06-24 23:40:58,584 [INFO] Assets written to: /Users/sebastiangerz/CascadeProjects/AI-TuF-Group4/wandb/run-20250624_233216-6xoxopzk/files/model-best/assets
2025-06-24 23:41:14,673 [INFO] Assets written to: /Users/sebastiangerz/CascadeProjects/AI-TuF-Group4/wandb/run-20250624_233216-6xoxopzk/files/model-best/assets
2025-06-24 23:41:38,199 [INFO] Assets written to: /Users/sebastiangerz/CascadeProjects/AI-TuF-Group4/wandb/run-20250624_233216-6xoxopzk/files/model-best/assets
2025-06-24 23:41:47,175 [INFO] Assets written to: /Users/sebastiangerz/CascadeProjects/AI-TuF-Group4/wandb/run-20250624_233216-6xoxopzk/files/model-best/assets
2025-06-24 23:42:02,477 [INFO] Assets written to: /Users/sebastiangerz/CascadeProjects/AI-TuF-Group4/wandb/run-20250624_233216-6xoxopzk/files/model-best/assets
2025-06-24 23:42:14,754 [INFO] Assets written to: /Users/sebastiangerz/CascadeProjects/AI-TuF-Group4/wandb/run-20250624_233216-6xoxopzk/files/model-best/assets
2025-06-24 23:42:27,465 [INFO] Assets written to: /Users/sebastiangerz/CascadeProjects/AI-TuF-Group4/wandb/run-20250624_233216-6xoxopzk/files/model-best/assets
2025-06-24 23:42:39,964 [INFO] Assets written to: /Users/sebastiangerz/CascadeProjects/AI-TuF-Group4/wandb/run-20250624_233216-6xoxopzk/files/model-best/assets
2025-06-24 23:42:55,852 [INFO] Assets written to: /Users/sebastiangerz/CascadeProjects/AI-TuF-Group4/wandb/run-20250624_233216-6xoxopzk/files/model-best/assets
2025-06-24 23:43:16,001 [INFO] Assets written to: /Users/sebastiangerz/CascadeProjects/AI-TuF-Group4/wandb/run-20250624_233216-6xoxopzk/files/model-best/assets
2025-06-24 23:43:28,356 [INFO] Assets written to: /Users/sebastiangerz/CascadeProjects/AI-TuF-Group4/wandb/run-20250624_233216-6xoxopzk/files/model-best/assets
2025-06-24 23:43:40,536 [INFO] Assets written to: /Users/sebastiangerz/CascadeProjects/AI-TuF-Group4/wandb/run-20250624_233216-6xoxopzk/files/model-best/assets
2025-06-24 23:43:52,900 [INFO] Assets written to: /Users/sebastiangerz/CascadeProjects/AI-TuF-Group4/wandb/run-20250624_233216-6xoxopzk/files/model-best/assets
2025-06-24 23:44:05,231 [INFO] Assets written to: /Users/sebastiangerz/CascadeProjects/AI-TuF-Group4/wandb/run-20250624_233216-6xoxopzk/files/model-best/assets
2025-06-24 23:44:17,635 [INFO] Assets written to: /Users/sebastiangerz/CascadeProjects/AI-TuF-Group4/wandb/run-20250624_233216-6xoxopzk/files/model-best/assets
2025-06-24 23:44:37,726 [INFO] Assets written to: /Users/sebastiangerz/CascadeProjects/AI-TuF-Group4/wandb/run-20250624_233216-6xoxopzk/files/model-best/assets
2025-06-24 23:44:50,075 [INFO] Assets written to: /Users/sebastiangerz/CascadeProjects/AI-TuF-Group4/wandb/run-20250624_233216-6xoxopzk/files/model-best/assets
2025-06-24 23:45:46,198 [INFO] Assets written to: /Users/sebastiangerz/CascadeProjects/AI-TuF-Group4/wandb/run-20250624_233216-6xoxopzk/files/model-best/assets
2025-06-24 23:45:58,313 [INFO] Assets written to: /Users/sebastiangerz/CascadeProjects/AI-TuF-Group4/wandb/run-20250624_233216-6xoxopzk/files/model-best/assets
2025-06-24 23:46:10,239 [INFO] Assets written to: /Users/sebastiangerz/CascadeProjects/AI-TuF-Group4/wandb/run-20250624_233216-6xoxopzk/files/model-best/assets
2025-06-24 23:46:22,439 [INFO] Assets written to: /Users/sebastiangerz/CascadeProjects/AI-TuF-Group4/wandb/run-20250624_233216-6xoxopzk/files/model-best/assets
2025-06-24 23:46:35,508 [INFO] Assets written to: /Users/sebastiangerz/CascadeProjects/AI-TuF-Group4/wandb/run-20250624_233216-6xoxopzk/files/model-best/assets
2025-06-24 23:46:47,776 [INFO] Assets written to: /Users/sebastiangerz/CascadeProjects/AI-TuF-Group4/wandb/run-20250624_233216-6xoxopzk/files/model-best/assets
2025-06-24 23:47:00,354 [INFO] Assets written to: /Users/sebastiangerz/CascadeProjects/AI-TuF-Group4/wandb/run-20250624_233216-6xoxopzk/files/model-best/assets
2025-06-24 23:47:13,143 [INFO] Assets written to: /Users/sebastiangerz/CascadeProjects/AI-TuF-Group4/wandb/run-20250624_233216-6xoxopzk/files/model-best/assets
2025-06-24 23:47:42,360 [INFO] Assets written to: /Users/sebastiangerz/CascadeProjects/AI-TuF-Group4/wandb/run-20250624_233216-6xoxopzk/files/model-best/assets
2025-06-24 23:47:54,601 [INFO] Assets written to: /Users/sebastiangerz/CascadeProjects/AI-TuF-Group4/wandb/run-20250624_233216-6xoxopzk/files/model-best/assets
2025-06-24 23:48:15,350 [INFO] Assets written to: /Users/sebastiangerz/CascadeProjects/AI-TuF-Group4/wandb/run-20250624_233216-6xoxopzk/files/model-best/assets
2025-06-24 23:48:52,344 [INFO] Assets written to: /Users/sebastiangerz/CascadeProjects/AI-TuF-Group4/wandb/run-20250624_233216-6xoxopzk/files/model-best/assets
2025-06-24 23:49:38,174 [INFO] Assets written to: /Users/sebastiangerz/CascadeProjects/AI-TuF-Group4/wandb/run-20250624_233216-6xoxopzk/files/model-best/assets
2025-06-24 23:50:07,078 [INFO] Assets written to: /Users/sebastiangerz/CascadeProjects/AI-TuF-Group4/wandb/run-20250624_233216-6xoxopzk/files/model-best/assets
2025-06-24 23:50:19,640 [INFO] Assets written to: /Users/sebastiangerz/CascadeProjects/AI-TuF-Group4/wandb/run-20250624_233216-6xoxopzk/files/model-best/assets
2025-06-24 23:51:15,102 [INFO] Assets written to: /Users/sebastiangerz/CascadeProjects/AI-TuF-Group4/wandb/run-20250624_233216-6xoxopzk/files/model-best/assets
2025-06-24 23:51:58,954 [INFO] Assets written to: /Users/sebastiangerz/CascadeProjects/AI-TuF-Group4/wandb/run-20250624_233216-6xoxopzk/files/model-best/assets
2025-06-24 23:52:42,659 [INFO] Assets written to: /Users/sebastiangerz/CascadeProjects/AI-TuF-Group4/wandb/run-20250624_233216-6xoxopzk/files/model-best/assets
2025-06-24 23:53:08,292 [INFO] Assets written to: /Users/sebastiangerz/CascadeProjects/AI-TuF-Group4/wandb/run-20250624_233216-6xoxopzk/files/model-best/assets
2025-06-24 23:54:10,979 [INFO] Assets written to: /Users/sebastiangerz/CascadeProjects/AI-TuF-Group4/wandb/run-20250624_233216-6xoxopzk/files/model-best/assets
2025-06-24 23:56:12,800 [INFO] Assets written to: /Users/sebastiangerz/CascadeProjects/AI-TuF-Group4/wandb/run-20250624_233216-6xoxopzk/files/model-best/assets
2025-06-24 23:56:38,681 [INFO] Assets written to: /Users/sebastiangerz/CascadeProjects/AI-TuF-Group4/wandb/run-20250624_233216-6xoxopzk/files/model-best/assets
2025-06-24 23:57:22,715 [INFO] Assets written to: /Users/sebastiangerz/CascadeProjects/AI-TuF-Group4/wandb/run-20250624_233216-6xoxopzk/files/model-best/assets
2025-06-24 23:58:41,854 [INFO] Assets written to: /Users/sebastiangerz/CascadeProjects/AI-TuF-Group4/wandb/run-20250624_233216-6xoxopzk/files/model-best/assets
2025-06-24 23:59:25,237 [INFO] Assets written to: /Users/sebastiangerz/CascadeProjects/AI-TuF-Group4/wandb/run-20250624_233216-6xoxopzk/files/model-best/assets
2025-06-25 00:01:13,812 [INFO] Assets written to: /Users/sebastiangerz/CascadeProjects/AI-TuF-Group4/wandb/run-20250624_233216-6xoxopzk/files/model-best/assets
2025-06-25 00:01:28,990 [INFO] Assets written to: /Users/sebastiangerz/CascadeProjects/AI-TuF-Group4/wandb/run-20250624_233216-6xoxopzk/files/model-best/assets
2025-06-25 00:01:44,885 [INFO] Assets written to: /Users/sebastiangerz/CascadeProjects/AI-TuF-Group4/wandb/run-20250624_233216-6xoxopzk/files/model-best/assets
2025-06-25 00:02:00,736 [INFO] Assets written to: /Users/sebastiangerz/CascadeProjects/AI-TuF-Group4/wandb/run-20250624_233216-6xoxopzk/files/model-best/assets
2025-06-25 00:02:15,859 [INFO] Assets written to: /Users/sebastiangerz/CascadeProjects/AI-TuF-Group4/wandb/run-20250624_233216-6xoxopzk/files/model-best/assets
2025-06-25 00:02:58,330 [INFO] Assets written to: /Users/sebastiangerz/CascadeProjects/AI-TuF-Group4/wandb/run-20250624_233216-6xoxopzk/files/model-best/assets
2025-06-25 00:03:14,061 [INFO] Assets written to: /Users/sebastiangerz/CascadeProjects/AI-TuF-Group4/wandb/run-20250624_233216-6xoxopzk/files/model-best/assets
2025-06-25 00:03:42,845 [INFO] Assets written to: /Users/sebastiangerz/CascadeProjects/AI-TuF-Group4/wandb/run-20250624_233216-6xoxopzk/files/model-best/assets
2025-06-25 00:05:07,645 [INFO] Assets written to: /Users/sebastiangerz/CascadeProjects/AI-TuF-Group4/wandb/run-20250624_233216-6xoxopzk/files/model-best/assets
2025-06-25 00:05:23,009 [INFO] Assets written to: /Users/sebastiangerz/CascadeProjects/AI-TuF-Group4/wandb/run-20250624_233216-6xoxopzk/files/model-best/assets
2025-06-25 00:05:38,753 [INFO] Assets written to: /Users/sebastiangerz/CascadeProjects/AI-TuF-Group4/wandb/run-20250624_233216-6xoxopzk/files/model-best/assets
2025-06-25 00:06:20,914 [INFO] Assets written to: /Users/sebastiangerz/CascadeProjects/AI-TuF-Group4/wandb/run-20250624_233216-6xoxopzk/files/model-best/assets
2025-06-25 00:07:48,768 [INFO] Assets written to: /Users/sebastiangerz/CascadeProjects/AI-TuF-Group4/wandb/run-20250624_233216-6xoxopzk/files/model-best/assets
2025-06-25 00:08:08,054 [INFO] Assets written to: /Users/sebastiangerz/CascadeProjects/AI-TuF-Group4/wandb/run-20250624_233216-6xoxopzk/files/model-best/assets
2025-06-25 00:08:24,925 [INFO] Assets written to: /Users/sebastiangerz/CascadeProjects/AI-TuF-Group4/wandb/run-20250624_233216-6xoxopzk/files/model-best/assets
2025-06-25 00:08:42,455 [INFO] Assets written to: /Users/sebastiangerz/CascadeProjects/AI-TuF-Group4/wandb/run-20250624_233216-6xoxopzk/files/model-best/assets
2025-06-25 00:09:00,075 [INFO] Assets written to: /Users/sebastiangerz/CascadeProjects/AI-TuF-Group4/wandb/run-20250624_233216-6xoxopzk/files/model-best/assets
2025-06-25 00:09:17,174 [INFO] Assets written to: /Users/sebastiangerz/CascadeProjects/AI-TuF-Group4/wandb/run-20250624_233216-6xoxopzk/files/model-best/assets
2025-06-25 00:09:34,945 [INFO] Assets written to: /Users/sebastiangerz/CascadeProjects/AI-TuF-Group4/wandb/run-20250624_233216-6xoxopzk/files/model-best/assets
2025-06-25 00:09:52,062 [INFO] Assets written to: /Users/sebastiangerz/CascadeProjects/AI-TuF-Group4/wandb/run-20250624_233216-6xoxopzk/files/model-best/assets
2025-06-25 00:10:09,276 [INFO] Assets written to: /Users/sebastiangerz/CascadeProjects/AI-TuF-Group4/wandb/run-20250624_233216-6xoxopzk/files/model-best/assets
2025-06-25 00:10:26,731 [INFO] Assets written to: /Users/sebastiangerz/CascadeProjects/AI-TuF-Group4/wandb/run-20250624_233216-6xoxopzk/files/model-best/assets
2025-06-25 00:10:57,751 [INFO] Assets written to: /Users/sebastiangerz/CascadeProjects/AI-TuF-Group4/wandb/run-20250624_233216-6xoxopzk/files/model-best/assets
2025-06-25 00:11:14,982 [INFO] Assets written to: /Users/sebastiangerz/CascadeProjects/AI-TuF-Group4/wandb/run-20250624_233216-6xoxopzk/files/model-best/assets
2025-06-25 00:11:32,265 [INFO] Assets written to: /Users/sebastiangerz/CascadeProjects/AI-TuF-Group4/wandb/run-20250624_233216-6xoxopzk/files/model-best/assets
2025-06-25 00:11:49,411 [INFO] Assets written to: /Users/sebastiangerz/CascadeProjects/AI-TuF-Group4/wandb/run-20250624_233216-6xoxopzk/files/model-best/assets
2025-06-25 00:12:34,953 [INFO] Assets written to: /Users/sebastiangerz/CascadeProjects/AI-TuF-Group4/wandb/run-20250624_233216-6xoxopzk/files/model-best/assets
2025-06-25 00:12:51,971 [INFO] Assets written to: /Users/sebastiangerz/CascadeProjects/AI-TuF-Group4/wandb/run-20250624_233216-6xoxopzk/files/model-best/assets
2025-06-25 00:13:09,438 [INFO] Assets written to: /Users/sebastiangerz/CascadeProjects/AI-TuF-Group4/wandb/run-20250624_233216-6xoxopzk/files/model-best/assets
2025-06-25 00:13:26,692 [INFO] Assets written to: /Users/sebastiangerz/CascadeProjects/AI-TuF-Group4/wandb/run-20250624_233216-6xoxopzk/files/model-best/assets
2025-06-25 00:13:43,983 [INFO] Assets written to: /Users/sebastiangerz/CascadeProjects/AI-TuF-Group4/wandb/run-20250624_233216-6xoxopzk/files/model-best/assets
2025-06-25 00:14:01,277 [INFO] Assets written to: /Users/sebastiangerz/CascadeProjects/AI-TuF-Group4/wandb/run-20250624_233216-6xoxopzk/files/model-best/assets
2025-06-25 00:14:32,442 [INFO] Assets written to: /Users/sebastiangerz/CascadeProjects/AI-TuF-Group4/wandb/run-20250624_233216-6xoxopzk/files/model-best/assets
2025-06-25 00:14:49,820 [INFO] Assets written to: /Users/sebastiangerz/CascadeProjects/AI-TuF-Group4/wandb/run-20250624_233216-6xoxopzk/files/model-best/assets
2025-06-25 00:15:34,955 [INFO] Assets written to: /Users/sebastiangerz/CascadeProjects/AI-TuF-Group4/wandb/run-20250624_233216-6xoxopzk/files/model-best/assets
2025-06-25 00:15:51,936 [INFO] Assets written to: /Users/sebastiangerz/CascadeProjects/AI-TuF-Group4/wandb/run-20250624_233216-6xoxopzk/files/model-best/assets
2025-06-25 00:16:12,235 [INFO] Assets written to: /Users/sebastiangerz/CascadeProjects/AI-TuF-Group4/wandb/run-20250624_233216-6xoxopzk/files/model-best/assets
2025-06-25 00:16:29,361 [INFO] Assets written to: /Users/sebastiangerz/CascadeProjects/AI-TuF-Group4/wandb/run-20250624_233216-6xoxopzk/files/model-best/assets
2025-06-25 00:16:46,744 [INFO] Assets written to: /Users/sebastiangerz/CascadeProjects/AI-TuF-Group4/wandb/run-20250624_233216-6xoxopzk/files/model-best/assets
2025-06-25 00:17:03,772 [INFO] Assets written to: /Users/sebastiangerz/CascadeProjects/AI-TuF-Group4/wandb/run-20250624_233216-6xoxopzk/files/model-best/assets
2025-06-25 00:17:20,920 [INFO] Assets written to: /Users/sebastiangerz/CascadeProjects/AI-TuF-Group4/wandb/run-20250624_233216-6xoxopzk/files/model-best/assets
2025-06-25 00:17:38,496 [INFO] Assets written to: /Users/sebastiangerz/CascadeProjects/AI-TuF-Group4/wandb/run-20250624_233216-6xoxopzk/files/model-best/assets
2025-06-25 00:17:55,746 [INFO] Assets written to: /Users/sebastiangerz/CascadeProjects/AI-TuF-Group4/wandb/run-20250624_233216-6xoxopzk/files/model-best/assets
2025-06-25 00:18:12,952 [INFO] Assets written to: /Users/sebastiangerz/CascadeProjects/AI-TuF-Group4/wandb/run-20250624_233216-6xoxopzk/files/model-best/assets
2025-06-25 00:18:29,751 [INFO] Assets written to: /Users/sebastiangerz/CascadeProjects/AI-TuF-Group4/wandb/run-20250624_233216-6xoxopzk/files/model-best/assets
2025-06-25 00:18:47,496 [INFO] Assets written to: /Users/sebastiangerz/CascadeProjects/AI-TuF-Group4/wandb/run-20250624_233216-6xoxopzk/files/model-best/assets
2025-06-25 00:19:46,250 [INFO] Assets written to: /Users/sebastiangerz/CascadeProjects/AI-TuF-Group4/wandb/run-20250624_233216-6xoxopzk/files/model-best/assets
2025-06-25 00:20:16,564 [INFO] Assets written to: /Users/sebastiangerz/CascadeProjects/AI-TuF-Group4/wandb/run-20250624_233216-6xoxopzk/files/model-best/assets
2025-06-25 00:21:01,559 [INFO] Assets written to: /Users/sebastiangerz/CascadeProjects/AI-TuF-Group4/wandb/run-20250624_233216-6xoxopzk/files/model-best/assets
2025-06-25 00:21:18,561 [INFO] Assets written to: /Users/sebastiangerz/CascadeProjects/AI-TuF-Group4/wandb/run-20250624_233216-6xoxopzk/files/model-best/assets
2025-06-25 00:22:03,508 [INFO] Assets written to: /Users/sebastiangerz/CascadeProjects/AI-TuF-Group4/wandb/run-20250624_233216-6xoxopzk/files/model-best/assets
2025-06-25 00:22:20,934 [INFO] Assets written to: /Users/sebastiangerz/CascadeProjects/AI-TuF-Group4/wandb/run-20250624_233216-6xoxopzk/files/model-best/assets
2025-06-25 00:22:38,132 [INFO] Assets written to: /Users/sebastiangerz/CascadeProjects/AI-TuF-Group4/wandb/run-20250624_233216-6xoxopzk/files/model-best/assets
2025-06-25 00:22:55,493 [INFO] Assets written to: /Users/sebastiangerz/CascadeProjects/AI-TuF-Group4/wandb/run-20250624_233216-6xoxopzk/files/model-best/assets
2025-06-25 00:23:53,744 [INFO] Assets written to: /Users/sebastiangerz/CascadeProjects/AI-TuF-Group4/wandb/run-20250624_233216-6xoxopzk/files/model-best/assets
2025-06-25 00:24:10,611 [INFO] Assets written to: /Users/sebastiangerz/CascadeProjects/AI-TuF-Group4/wandb/run-20250624_233216-6xoxopzk/files/model-best/assets
2025-06-25 00:24:24,465 [INFO] Assets written to: /Users/sebastiangerz/CascadeProjects/AI-TuF-Group4/wandb/run-20250624_233216-6xoxopzk/files/model-best/assets
2025-06-25 00:24:38,524 [INFO] Assets written to: /Users/sebastiangerz/CascadeProjects/AI-TuF-Group4/wandb/run-20250624_233216-6xoxopzk/files/model-best/assets
2025-06-25 00:24:52,283 [INFO] Assets written to: /Users/sebastiangerz/CascadeProjects/AI-TuF-Group4/wandb/run-20250624_233216-6xoxopzk/files/model-best/assets
2025-06-25 00:25:06,192 [INFO] Assets written to: /Users/sebastiangerz/CascadeProjects/AI-TuF-Group4/wandb/run-20250624_233216-6xoxopzk/files/model-best/assets
2025-06-25 00:25:29,319 [INFO] Assets written to: /Users/sebastiangerz/CascadeProjects/AI-TuF-Group4/wandb/run-20250624_233216-6xoxopzk/files/model-best/assets
2025-06-25 00:26:34,060 [INFO] Assets written to: /Users/sebastiangerz/CascadeProjects/AI-TuF-Group4/wandb/run-20250624_233216-6xoxopzk/files/model-best/assets
2025-06-25 00:26:47,838 [INFO] Assets written to: /Users/sebastiangerz/CascadeProjects/AI-TuF-Group4/wandb/run-20250624_233216-6xoxopzk/files/model-best/assets
2025-06-25 00:27:01,206 [INFO] Assets written to: /Users/sebastiangerz/CascadeProjects/AI-TuF-Group4/wandb/run-20250624_233216-6xoxopzk/files/model-best/assets
2025-06-25 00:27:34,513 [INFO] Assets written to: /Users/sebastiangerz/CascadeProjects/AI-TuF-Group4/wandb/run-20250624_233216-6xoxopzk/files/model-best/assets
2025-06-25 00:27:48,074 [INFO] Assets written to: /Users/sebastiangerz/CascadeProjects/AI-TuF-Group4/wandb/run-20250624_233216-6xoxopzk/files/model-best/assets
2025-06-25 00:28:01,462 [INFO] Assets written to: /Users/sebastiangerz/CascadeProjects/AI-TuF-Group4/wandb/run-20250624_233216-6xoxopzk/files/model-best/assets
2025-06-25 00:29:25,693 [INFO] Assets written to: /Users/sebastiangerz/CascadeProjects/AI-TuF-Group4/wandb/run-20250624_233216-6xoxopzk/files/model-best/assets
2025-06-25 00:30:00,550 [INFO] Assets written to: /Users/sebastiangerz/CascadeProjects/AI-TuF-Group4/wandb/run-20250624_233216-6xoxopzk/files/model-best/assets
2025-06-25 00:30:35,006 [INFO] Assets written to: /Users/sebastiangerz/CascadeProjects/AI-TuF-Group4/wandb/run-20250624_233216-6xoxopzk/files/model-best/assets
2025-06-25 00:31:08,970 [INFO] Assets written to: /Users/sebastiangerz/CascadeProjects/AI-TuF-Group4/wandb/run-20250624_233216-6xoxopzk/files/model-best/assets
2025-06-25 00:31:43,983 [INFO] Assets written to: /Users/sebastiangerz/CascadeProjects/AI-TuF-Group4/wandb/run-20250624_233216-6xoxopzk/files/model-best/assets
2025-06-25 00:32:47,973 [INFO] Assets written to: /Users/sebastiangerz/CascadeProjects/AI-TuF-Group4/wandb/run-20250624_233216-6xoxopzk/files/model-best/assets
2025-06-25 00:35:55,155 [INFO] Assets written to: /Users/sebastiangerz/CascadeProjects/AI-TuF-Group4/wandb/run-20250624_233216-6xoxopzk/files/model-best/assets
2025-06-25 00:36:28,919 [INFO] Assets written to: /Users/sebastiangerz/CascadeProjects/AI-TuF-Group4/wandb/run-20250624_233216-6xoxopzk/files/model-best/assets
2025-06-25 00:37:03,401 [INFO] Assets written to: /Users/sebastiangerz/CascadeProjects/AI-TuF-Group4/wandb/run-20250624_233216-6xoxopzk/files/model-best/assets
2025-06-25 00:37:37,885 [INFO] Assets written to: /Users/sebastiangerz/CascadeProjects/AI-TuF-Group4/wandb/run-20250624_233216-6xoxopzk/files/model-best/assets
2025-06-25 00:38:11,902 [INFO] Assets written to: /Users/sebastiangerz/CascadeProjects/AI-TuF-Group4/wandb/run-20250624_233216-6xoxopzk/files/model-best/assets
2025-06-25 00:41:09,004 [INFO] Assets written to: /Users/sebastiangerz/CascadeProjects/AI-TuF-Group4/wandb/run-20250624_233216-6xoxopzk/files/model-best/assets
2025-06-25 00:41:33,802 [INFO] Assets written to: /Users/sebastiangerz/CascadeProjects/AI-TuF-Group4/wandb/run-20250624_233216-6xoxopzk/files/model-best/assets
2025-06-25 00:41:57,169 [INFO] Assets written to: /Users/sebastiangerz/CascadeProjects/AI-TuF-Group4/wandb/run-20250624_233216-6xoxopzk/files/model-best/assets
2025-06-25 00:42:19,961 [INFO] Assets written to: /Users/sebastiangerz/CascadeProjects/AI-TuF-Group4/wandb/run-20250624_233216-6xoxopzk/files/model-best/assets
2025-06-25 00:42:44,495 [INFO] Assets written to: /Users/sebastiangerz/CascadeProjects/AI-TuF-Group4/wandb/run-20250624_233216-6xoxopzk/files/model-best/assets
2025-06-25 00:43:07,683 [INFO] Assets written to: /Users/sebastiangerz/CascadeProjects/AI-TuF-Group4/wandb/run-20250624_233216-6xoxopzk/files/model-best/assets
2025-06-25 00:43:30,767 [INFO] Assets written to: /Users/sebastiangerz/CascadeProjects/AI-TuF-Group4/wandb/run-20250624_233216-6xoxopzk/files/model-best/assets
2025-06-25 00:43:53,435 [INFO] Assets written to: /Users/sebastiangerz/CascadeProjects/AI-TuF-Group4/wandb/run-20250624_233216-6xoxopzk/files/model-best/assets
2025-06-25 00:44:16,697 [INFO] Assets written to: /Users/sebastiangerz/CascadeProjects/AI-TuF-Group4/wandb/run-20250624_233216-6xoxopzk/files/model-best/assets
2025-06-25 00:44:40,445 [INFO] Assets written to: /Users/sebastiangerz/CascadeProjects/AI-TuF-Group4/wandb/run-20250624_233216-6xoxopzk/files/model-best/assets
2025-06-25 00:45:03,010 [INFO] Assets written to: /Users/sebastiangerz/CascadeProjects/AI-TuF-Group4/wandb/run-20250624_233216-6xoxopzk/files/model-best/assets
2025-06-25 00:45:26,913 [INFO] Assets written to: /Users/sebastiangerz/CascadeProjects/AI-TuF-Group4/wandb/run-20250624_233216-6xoxopzk/files/model-best/assets
2025-06-25 00:46:09,489 [INFO] Assets written to: /Users/sebastiangerz/CascadeProjects/AI-TuF-Group4/wandb/run-20250624_233216-6xoxopzk/files/model-best/assets
2025-06-25 00:47:12,129 [INFO] Assets written to: /Users/sebastiangerz/CascadeProjects/AI-TuF-Group4/wandb/run-20250624_233216-6xoxopzk/files/model-best/assets
2025-06-25 00:48:14,069 [INFO] Assets written to: /Users/sebastiangerz/CascadeProjects/AI-TuF-Group4/wandb/run-20250624_233216-6xoxopzk/files/model-best/assets
2025-06-25 00:48:56,925 [INFO] Assets written to: /Users/sebastiangerz/CascadeProjects/AI-TuF-Group4/wandb/run-20250624_233216-6xoxopzk/files/model-best/assets
2025-06-25 00:49:19,535 [INFO] Assets written to: /Users/sebastiangerz/CascadeProjects/AI-TuF-Group4/wandb/run-20250624_233216-6xoxopzk/files/model-best/assets
2025-06-25 00:51:24,533 [INFO] Assets written to: /Users/sebastiangerz/CascadeProjects/AI-TuF-Group4/wandb/run-20250624_233216-6xoxopzk/files/model-best/assets
2025-06-25 00:51:48,494 [INFO] Assets written to: /Users/sebastiangerz/CascadeProjects/AI-TuF-Group4/wandb/run-20250624_233216-6xoxopzk/files/model-best/assets
2025-06-25 00:52:11,051 [INFO] Assets written to: /Users/sebastiangerz/CascadeProjects/AI-TuF-Group4/wandb/run-20250624_233216-6xoxopzk/files/model-best/assets
2025-06-25 00:52:34,174 [INFO] Assets written to: /Users/sebastiangerz/CascadeProjects/AI-TuF-Group4/wandb/run-20250624_233216-6xoxopzk/files/model-best/assets
2025-06-25 00:52:57,514 [INFO] Assets written to: /Users/sebastiangerz/CascadeProjects/AI-TuF-Group4/wandb/run-20250624_233216-6xoxopzk/files/model-best/assets
2025-06-25 00:53:40,082 [INFO] Assets written to: /Users/sebastiangerz/CascadeProjects/AI-TuF-Group4/wandb/run-20250624_233216-6xoxopzk/files/model-best/assets
2025-06-25 00:54:03,180 [INFO] Assets written to: /Users/sebastiangerz/CascadeProjects/AI-TuF-Group4/wandb/run-20250624_233216-6xoxopzk/files/model-best/assets
2025-06-25 00:54:26,279 [INFO] Assets written to: /Users/sebastiangerz/CascadeProjects/AI-TuF-Group4/wandb/run-20250624_233216-6xoxopzk/files/model-best/assets
2025-06-25 00:55:49,082 [INFO] Assets written to: /Users/sebastiangerz/CascadeProjects/AI-TuF-Group4/wandb/run-20250624_233216-6xoxopzk/files/model-best/assets
2025-06-25 00:56:31,271 [INFO] Assets written to: /Users/sebastiangerz/CascadeProjects/AI-TuF-Group4/wandb/run-20250624_233216-6xoxopzk/files/model-best/assets
2025-06-25 00:56:54,792 [INFO] Assets written to: /Users/sebastiangerz/CascadeProjects/AI-TuF-Group4/wandb/run-20250624_233216-6xoxopzk/files/model-best/assets
2025-06-25 00:57:38,366 [INFO] Assets written to: /Users/sebastiangerz/CascadeProjects/AI-TuF-Group4/wandb/run-20250624_233216-6xoxopzk/files/model-best/assets
2025-06-25 00:58:01,182 [INFO] Assets written to: /Users/sebastiangerz/CascadeProjects/AI-TuF-Group4/wandb/run-20250624_233216-6xoxopzk/files/model-best/assets
2025-06-25 00:58:43,848 [INFO] Assets written to: /Users/sebastiangerz/CascadeProjects/AI-TuF-Group4/wandb/run-20250624_233216-6xoxopzk/files/model-best/assets
2025-06-25 00:59:46,005 [INFO] Assets written to: /Users/sebastiangerz/CascadeProjects/AI-TuF-Group4/wandb/run-20250624_233216-6xoxopzk/files/model-best/assets
2025-06-25 01:00:09,076 [INFO] Assets written to: /Users/sebastiangerz/CascadeProjects/AI-TuF-Group4/wandb/run-20250624_233216-6xoxopzk/files/model-best/assets
2025-06-25 01:01:12,281 [INFO] Assets written to: /Users/sebastiangerz/CascadeProjects/AI-TuF-Group4/wandb/run-20250624_233216-6xoxopzk/files/model-best/assets
2025-06-25 01:02:20,552 [INFO] Assets written to: /Users/sebastiangerz/CascadeProjects/AI-TuF-Group4/wandb/run-20250624_233216-6xoxopzk/files/model-best/assets
2025-06-25 01:02:47,483 [INFO] Assets written to: /Users/sebastiangerz/CascadeProjects/AI-TuF-Group4/wandb/run-20250624_233216-6xoxopzk/files/model-best/assets
2025-06-25 01:03:13,268 [INFO] Assets written to: /Users/sebastiangerz/CascadeProjects/AI-TuF-Group4/wandb/run-20250624_233216-6xoxopzk/files/model-best/assets
2025-06-25 01:04:02,823 [INFO] Assets written to: /Users/sebastiangerz/CascadeProjects/AI-TuF-Group4/wandb/run-20250624_233216-6xoxopzk/files/model-best/assets
2025-06-25 01:04:29,737 [INFO] Assets written to: /Users/sebastiangerz/CascadeProjects/AI-TuF-Group4/wandb/run-20250624_233216-6xoxopzk/files/model-best/assets
2025-06-25 01:06:06,714 [INFO] Assets written to: /Users/sebastiangerz/CascadeProjects/AI-TuF-Group4/wandb/run-20250624_233216-6xoxopzk/files/model-best/assets
2025-06-25 01:08:32,096 [INFO] Assets written to: /Users/sebastiangerz/CascadeProjects/AI-TuF-Group4/wandb/run-20250624_233216-6xoxopzk/files/model-best/assets
2025-06-25 01:08:58,617 [INFO] Assets written to: /Users/sebastiangerz/CascadeProjects/AI-TuF-Group4/wandb/run-20250624_233216-6xoxopzk/files/model-best/assets
2025-06-25 01:11:26,164 [INFO] Assets written to: /Users/sebastiangerz/CascadeProjects/AI-TuF-Group4/wandb/run-20250624_233216-6xoxopzk/files/model-best/assets
2025-06-25 01:11:52,955 [INFO] Assets written to: /Users/sebastiangerz/CascadeProjects/AI-TuF-Group4/wandb/run-20250624_233216-6xoxopzk/files/model-best/assets
2025-06-25 01:12:18,712 [INFO] Assets written to: /Users/sebastiangerz/CascadeProjects/AI-TuF-Group4/wandb/run-20250624_233216-6xoxopzk/files/model-best/assets
2025-06-25 01:12:45,787 [INFO] Assets written to: /Users/sebastiangerz/CascadeProjects/AI-TuF-Group4/wandb/run-20250624_233216-6xoxopzk/files/model-best/assets
2025-06-25 01:13:27,958 [INFO] Assets written to: /Users/sebastiangerz/CascadeProjects/AI-TuF-Group4/wandb/run-20250624_233216-6xoxopzk/files/model-best/assets
2025-06-25 01:13:54,052 [INFO] Assets written to: /Users/sebastiangerz/CascadeProjects/AI-TuF-Group4/wandb/run-20250624_233216-6xoxopzk/files/model-best/assets
2025-06-25 01:14:19,911 [INFO] Assets written to: /Users/sebastiangerz/CascadeProjects/AI-TuF-Group4/wandb/run-20250624_233216-6xoxopzk/files/model-best/assets
2025-06-25 01:15:03,190 [INFO] Assets written to: /Users/sebastiangerz/CascadeProjects/AI-TuF-Group4/wandb/run-20250624_233216-6xoxopzk/files/model-best/assets
2025-06-25 01:15:28,788 [INFO] Assets written to: /Users/sebastiangerz/CascadeProjects/AI-TuF-Group4/wandb/run-20250624_233216-6xoxopzk/files/model-best/assets
2025-06-25 01:16:12,136 [INFO] Assets written to: /Users/sebastiangerz/CascadeProjects/AI-TuF-Group4/wandb/run-20250624_233216-6xoxopzk/files/model-best/assets
2025-06-25 01:16:55,090 [INFO] Assets written to: /Users/sebastiangerz/CascadeProjects/AI-TuF-Group4/wandb/run-20250624_233216-6xoxopzk/files/model-best/assets
2025-06-25 01:17:21,090 [INFO] Assets written to: /Users/sebastiangerz/CascadeProjects/AI-TuF-Group4/wandb/run-20250624_233216-6xoxopzk/files/model-best/assets
2025-06-25 01:17:47,512 [INFO] Assets written to: /Users/sebastiangerz/CascadeProjects/AI-TuF-Group4/wandb/run-20250624_233216-6xoxopzk/files/model-best/assets
2025-06-25 01:18:13,347 [INFO] Assets written to: /Users/sebastiangerz/CascadeProjects/AI-TuF-Group4/wandb/run-20250624_233216-6xoxopzk/files/model-best/assets
2025-06-25 01:19:28,970 [INFO] Assets written to: /Users/sebastiangerz/CascadeProjects/AI-TuF-Group4/wandb/run-20250624_233216-6xoxopzk/files/model-best/assets
2025-06-25 01:20:28,427 [INFO] Assets written to: /Users/sebastiangerz/CascadeProjects/AI-TuF-Group4/wandb/run-20250624_233216-6xoxopzk/files/model-best/assets
2025-06-25 01:20:55,241 [INFO] Assets written to: /Users/sebastiangerz/CascadeProjects/AI-TuF-Group4/wandb/run-20250624_233216-6xoxopzk/files/model-best/assets
2025-06-25 01:21:54,464 [INFO] Assets written to: /Users/sebastiangerz/CascadeProjects/AI-TuF-Group4/wandb/run-20250624_233216-6xoxopzk/files/model-best/assets
2025-06-25 01:22:41,587 [INFO] Assets written to: /Users/sebastiangerz/CascadeProjects/AI-TuF-Group4/wandb/run-20250624_233216-6xoxopzk/files/model-best/assets
2025-06-25 01:23:07,373 [INFO] Assets written to: /Users/sebastiangerz/CascadeProjects/AI-TuF-Group4/wandb/run-20250624_233216-6xoxopzk/files/model-best/assets
2025-06-25 01:23:33,400 [INFO] Assets written to: /Users/sebastiangerz/CascadeProjects/AI-TuF-Group4/wandb/run-20250624_233216-6xoxopzk/files/model-best/assets
2025-06-25 01:23:59,387 [INFO] Assets written to: /Users/sebastiangerz/CascadeProjects/AI-TuF-Group4/wandb/run-20250624_233216-6xoxopzk/files/model-best/assets
2025-06-25 01:24:25,155 [INFO] Assets written to: /Users/sebastiangerz/CascadeProjects/AI-TuF-Group4/wandb/run-20250624_233216-6xoxopzk/files/model-best/assets
2025-06-25 01:25:07,998 [INFO] Assets written to: /Users/sebastiangerz/CascadeProjects/AI-TuF-Group4/wandb/run-20250624_233216-6xoxopzk/files/model-best/assets
2025-06-25 01:25:34,374 [INFO] Assets written to: /Users/sebastiangerz/CascadeProjects/AI-TuF-Group4/wandb/run-20250624_233216-6xoxopzk/files/model-best/assets
2025-06-25 01:26:00,743 [INFO] Assets written to: /Users/sebastiangerz/CascadeProjects/AI-TuF-Group4/wandb/run-20250624_233216-6xoxopzk/files/model-best/assets
2025-06-25 01:26:43,736 [INFO] Assets written to: /Users/sebastiangerz/CascadeProjects/AI-TuF-Group4/wandb/run-20250624_233216-6xoxopzk/files/model-best/assets
2025-06-25 01:27:59,605 [INFO] Assets written to: /Users/sebastiangerz/CascadeProjects/AI-TuF-Group4/wandb/run-20250624_233216-6xoxopzk/files/model-best/assets
2025-06-25 01:28:57,924 [INFO] Assets written to: /Users/sebastiangerz/CascadeProjects/AI-TuF-Group4/wandb/run-20250624_233216-6xoxopzk/files/model-best/assets
2025-06-25 01:29:40,571 [INFO] Assets written to: /Users/sebastiangerz/CascadeProjects/AI-TuF-Group4/wandb/run-20250624_233216-6xoxopzk/files/model-best/assets
2025-06-25 01:30:22,701 [INFO] Assets written to: /Users/sebastiangerz/CascadeProjects/AI-TuF-Group4/wandb/run-20250624_233216-6xoxopzk/files/model-best/assets
2025-06-25 01:30:49,219 [INFO] Assets written to: /Users/sebastiangerz/CascadeProjects/AI-TuF-Group4/wandb/run-20250624_233216-6xoxopzk/files/model-best/assets
2025-06-25 01:32:12,349 [INFO] Oracle triggered exit
2025-06-25 01:35:53,646 [INFO] Assets written to: /Users/sebastiangerz/CascadeProjects/AI-TuF-Group4/wandb/run-20250624_233216-6xoxopzk/files/model-best/assets
2025-06-25 01:36:16,454 [INFO] Assets written to: /Users/sebastiangerz/CascadeProjects/AI-TuF-Group4/wandb/run-20250624_233216-6xoxopzk/files/model-best/assets
2025-06-25 01:37:19,120 [INFO] Assets written to: /Users/sebastiangerz/CascadeProjects/AI-TuF-Group4/wandb/run-20250624_233216-6xoxopzk/files/model-best/assets
2025-06-25 01:37:43,224 [INFO] Assets written to: /Users/sebastiangerz/CascadeProjects/AI-TuF-Group4/wandb/run-20250624_233216-6xoxopzk/files/model-best/assets
2025-06-25 01:39:06,300 [INFO] Assets written to: /Users/sebastiangerz/CascadeProjects/AI-TuF-Group4/wandb/run-20250624_233216-6xoxopzk/files/model-best/assets
2025-06-25 01:39:29,987 [INFO] Assets written to: /Users/sebastiangerz/CascadeProjects/AI-TuF-Group4/wandb/run-20250624_233216-6xoxopzk/files/model-best/assets
2025-06-25 01:39:54,262 [INFO] Assets written to: /Users/sebastiangerz/CascadeProjects/AI-TuF-Group4/wandb/run-20250624_233216-6xoxopzk/files/model-best/assets
2025-06-25 01:41:36,046 [INFO] Assets written to: /Users/sebastiangerz/CascadeProjects/AI-TuF-Group4/wandb/run-20250624_233216-6xoxopzk/files/model-best/assets
2025-06-25 01:42:38,927 [INFO] Assets written to: /Users/sebastiangerz/CascadeProjects/AI-TuF-Group4/wandb/run-20250624_233216-6xoxopzk/files/model-best/assets
2025-06-25 01:43:40,780 [INFO] Assets written to: /Users/sebastiangerz/CascadeProjects/AI-TuF-Group4/wandb/run-20250624_233216-6xoxopzk/files/model-best/assets
2025-06-25 01:44:23,591 [INFO] Assets written to: /Users/sebastiangerz/CascadeProjects/AI-TuF-Group4/wandb/run-20250624_233216-6xoxopzk/files/model-best/assets
2025-06-25 01:46:24,456 [INFO] Assets written to: /Users/sebastiangerz/CascadeProjects/AI-TuF-Group4/wandb/run-20250624_233216-6xoxopzk/files/model-best/assets
2025-06-25 01:49:41,866 [INFO] Model explicitly saved to: /Users/sebastiangerz/CascadeProjects/AI-TuF-Group4/src/srv/models/best_model.h5
2025-06-25 01:49:43,797 [INFO] Finishing W&B run...
2025-06-25 01:49:54,124 [INFO] Training complete.
2025-06-25 01:49:54,124 [INFO] Test Loss: 0.0129
2025-06-25 01:49:54,124 [INFO] Test MAE: 0.0671
